<?xml version="1.0" encoding="UTF-8"?>
<testng-results skipped="0" failed="0" total="1" passed="1">
  <reporter-output>
  </reporter-output>
  <suite name="Suite" duration-ms="22818" started-at="2020-01-12T06:36:31Z" finished-at="2020-01-12T06:36:54Z">
    <groups>
    </groups>
    <test name="Test" duration-ms="22818" started-at="2020-01-12T06:36:31Z" finished-at="2020-01-12T06:36:54Z">
      <class name="test_scripts.Gmail_compose">
        <test-method status="PASS" signature="testLogin()[pri:0, instance:test_scripts.Gmail_compose@464bee09]" name="testLogin" duration-ms="22787" started-at="2020-01-12T12:06:31Z" finished-at="2020-01-12T12:06:54Z">
          <reporter-output>
          </reporter-output>
        </test-method> <!-- testLogin -->
      </class> <!-- test_scripts.Gmail_compose -->
    </test> <!-- Test -->
  </suite> <!-- Suite -->
</testng-results>
